This is pdfTeX, Version 3.14159265-2.6-1.40.17 (TeX Live 2016/W32TeX) (preloaded format=pdflatex 2017.3.28)  20 AUG 2017 11:14
entering extended mode
 restricted \write18 enabled.
 %&-line parsing enabled.
**./SmallPaper_Elsevier.tex
(./SmallPaper_Elsevier.tex
LaTeX2e <2017/01/01> patch level 3
Babel <3.9r> and hyphenation patterns for 83 language(s) loaded.
(c:/texlive/2016/texmf-dist/tex/latex/elsarticle/elsarticle.cls
Document Class: elsarticle 2009/09/17, 1.2.0: Elsevier Ltd
\@bls=\dimen102
(c:/texlive/2016/texmf-dist/tex/latex/base/article.cls
Document Class: article 2014/09/29 v1.4h Standard LaTeX document class
(c:/texlive/2016/texmf-dist/tex/latex/base/size10.clo
File: size10.clo 2014/09/29 v1.4h Standard LaTeX file (size option)
)
\c@part=\count79
\c@section=\count80
\c@subsection=\count81
\c@subsubsection=\count82
\c@paragraph=\count83
\c@subparagraph=\count84
\c@figure=\count85
\c@table=\count86
\abovecaptionskip=\skip41
\belowcaptionskip=\skip42
\bibindent=\dimen103
)
(c:/texlive/2016/texmf-dist/tex/latex/graphics/graphicx.sty
Package: graphicx 2014/10/28 v1.0g Enhanced LaTeX Graphics (DPC,SPQR)

(c:/texlive/2016/texmf-dist/tex/latex/graphics/keyval.sty
Package: keyval 2014/10/28 v1.15 key=value parser (DPC)
\KV@toks@=\toks14
)
(c:/texlive/2016/texmf-dist/tex/latex/graphics/graphics.sty
Package: graphics 2016/10/09 v1.0u Standard LaTeX Graphics (DPC,SPQR)

(c:/texlive/2016/texmf-dist/tex/latex/graphics/trig.sty
Package: trig 2016/01/03 v1.10 sin cos tan (DPC)
)
(c:/texlive/2016/texmf-dist/tex/latex/graphics-cfg/graphics.cfg
File: graphics.cfg 2016/06/04 v1.11 sample graphics configuration
)
Package graphics Info: Driver file: pdftex.def on input line 99.

(c:/texlive/2016/texmf-dist/tex/latex/graphics-def/pdftex.def
File: pdftex.def 2017/01/12 v0.06k Graphics/color for pdfTeX

(c:/texlive/2016/texmf-dist/tex/generic/oberdiek/infwarerr.sty
Package: infwarerr 2016/05/16 v1.4 Providing info/warning/error messages (HO)
)
(c:/texlive/2016/texmf-dist/tex/generic/oberdiek/ltxcmds.sty
Package: ltxcmds 2016/05/16 v1.23 LaTeX kernel commands for general use (HO)
)
\Gread@gobject=\count87
))
\Gin@req@height=\dimen104
\Gin@req@width=\dimen105
)
(c:/texlive/2016/texmf-dist/tex/latex/psnfss/pifont.sty
Package: pifont 2005/04/12 PSNFSS-v9.2a Pi font support (SPQR) 
LaTeX Font Info:    Try loading font information for U+pzd on input line 63.

(c:/texlive/2016/texmf-dist/tex/latex/psnfss/upzd.fd
File: upzd.fd 2001/06/04 font definitions for U/pzd.
)
LaTeX Font Info:    Try loading font information for U+psy on input line 64.

(c:/texlive/2016/texmf-dist/tex/latex/psnfss/upsy.fd
File: upsy.fd 2001/06/04 font definitions for U/psy.
))
\c@tnote=\count88
\c@fnote=\count89
\c@cnote=\count90
\c@ead=\count91
\c@author=\count92
\@eadauthor=\toks15
\c@affn=\count93
\absbox=\box26
\keybox=\box27
\Columnwidth=\dimen106
\space@left=\dimen107
\els@boxa=\box28
\els@boxb=\box29
\leftMargin=\dimen108
\@enLab=\toks16
\@sep=\skip43
\@@sep=\skip44

(c:/texlive/2016/texmf-dist/tex/latex/natbib/natbib.sty
Package: natbib 2010/09/13 8.31b (PWD, AO)
\bibhang=\skip45
\bibsep=\skip46
LaTeX Info: Redefining \cite on input line 694.
\c@NAT@ctr=\count94
)
\splwrite=\write3
\openout3 = `SmallPaper_Elsevier.spl'.

)
(c:/texlive/2016/texmf-dist/tex/latex/base/fontenc.sty
Package: fontenc 2017/02/22 v2.0g Standard LaTeX package

(c:/texlive/2016/texmf-dist/tex/latex/base/t1enc.def
File: t1enc.def 2017/02/22 v2.0g Standard LaTeX file
LaTeX Font Info:    Redeclaring font encoding T1 on input line 48.
))
(c:/texlive/2016/texmf-dist/tex/latex/base/inputenc.sty
Package: inputenc 2015/03/17 v1.2c Input encoding file
\inpenc@prehook=\toks17
\inpenc@posthook=\toks18

(c:/texlive/2016/texmf-dist/tex/latex/base/latin9.def
File: latin9.def 2015/03/17 v1.2c Input encoding file
))
(c:/texlive/2016/texmf-dist/tex/generic/babel/babel.sty
Package: babel 2016/04/23 3.9r The Babel package

(c:/texlive/2016/texmf-dist/tex/generic/babel-english/english.ldf
Language: english 2017/01/24 v3.3q English support from the babel system

(c:/texlive/2016/texmf-dist/tex/generic/babel/babel.def
File: babel.def 2016/04/23 3.9r Babel common definitions
\babel@savecnt=\count95
\U@D=\dimen109
)
\l@canadian = a dialect from \language\l@american 
\l@australian = a dialect from \language\l@british 
\l@newzealand = a dialect from \language\l@british 
))
(c:/texlive/2016/texmf-dist/tex/latex/prettyref/prettyref.sty
Package: prettyref 1998/07/09 v3.0
)
(c:/texlive/2016/texmf-dist/tex/latex/amsmath/amsmath.sty
Package: amsmath 2016/11/05 v2.16a AMS math features
\@mathmargin=\skip47

For additional information on amsmath, use the `?' option.
(c:/texlive/2016/texmf-dist/tex/latex/amsmath/amstext.sty
Package: amstext 2000/06/29 v2.01 AMS text

(c:/texlive/2016/texmf-dist/tex/latex/amsmath/amsgen.sty
File: amsgen.sty 1999/11/30 v2.0 generic functions
\@emptytoks=\toks19
\ex@=\dimen110
))
(c:/texlive/2016/texmf-dist/tex/latex/amsmath/amsbsy.sty
Package: amsbsy 1999/11/29 v1.2d Bold Symbols
\pmbraise@=\dimen111
)
(c:/texlive/2016/texmf-dist/tex/latex/amsmath/amsopn.sty
Package: amsopn 2016/03/08 v2.02 operator names
)
\inf@bad=\count96
LaTeX Info: Redefining \frac on input line 213.
\uproot@=\count97
\leftroot@=\count98
LaTeX Info: Redefining \overline on input line 375.
\classnum@=\count99
\DOTSCASE@=\count100
LaTeX Info: Redefining \ldots on input line 472.
LaTeX Info: Redefining \dots on input line 475.
LaTeX Info: Redefining \cdots on input line 596.
\Mathstrutbox@=\box30
\strutbox@=\box31
\big@size=\dimen112
LaTeX Font Info:    Redeclaring font encoding OML on input line 712.
LaTeX Font Info:    Redeclaring font encoding OMS on input line 713.
\macc@depth=\count101
\c@MaxMatrixCols=\count102
\dotsspace@=\muskip10
\c@parentequation=\count103
\dspbrk@lvl=\count104
\tag@help=\toks20
\row@=\count105
\column@=\count106
\maxfields@=\count107
\andhelp@=\toks21
\eqnshift@=\dimen113
\alignsep@=\dimen114
\tagshift@=\dimen115
\tagwidth@=\dimen116
\totwidth@=\dimen117
\lineht@=\dimen118
\@envbody=\toks22
\multlinegap=\skip48
\multlinetaggap=\skip49
\mathdisplay@stack=\toks23
LaTeX Info: Redefining \[ on input line 2817.
LaTeX Info: Redefining \] on input line 2818.
)
(c:/texlive/2016/texmf-dist/tex/latex/hyperref/hyperref.sty
Package: hyperref 2017/03/14 v6.85a Hypertext links for LaTeX

(c:/texlive/2016/texmf-dist/tex/generic/oberdiek/hobsub-hyperref.sty
Package: hobsub-hyperref 2016/05/16 v1.14 Bundle oberdiek, subset hyperref (HO)


(c:/texlive/2016/texmf-dist/tex/generic/oberdiek/hobsub-generic.sty
Package: hobsub-generic 2016/05/16 v1.14 Bundle oberdiek, subset generic (HO)
Package: hobsub 2016/05/16 v1.14 Construct package bundles (HO)
Package hobsub Info: Skipping package `infwarerr' (already loaded).
Package hobsub Info: Skipping package `ltxcmds' (already loaded).
Package: ifluatex 2016/05/16 v1.4 Provides the ifluatex switch (HO)
Package ifluatex Info: LuaTeX not detected.
Package: ifvtex 2016/05/16 v1.6 Detect VTeX and its facilities (HO)
Package ifvtex Info: VTeX not detected.
Package: intcalc 2016/05/16 v1.2 Expandable calculations with integers (HO)
Package: ifpdf 2017/03/15 v3.2 Provides the ifpdf switch
Package: etexcmds 2016/05/16 v1.6 Avoid name clashes with e-TeX commands (HO)
Package etexcmds Info: Could not find \expanded.
(etexcmds)             That can mean that you are not using pdfTeX 1.50 or
(etexcmds)             that some package has redefined \expanded.
(etexcmds)             In the latter case, load this package earlier.
Package: kvsetkeys 2016/05/16 v1.17 Key value parser (HO)
Package: kvdefinekeys 2016/05/16 v1.4 Define keys (HO)
Package: pdftexcmds 2017/03/19 v0.25 Utility functions of pdfTeX for LuaTeX (HO
)
Package pdftexcmds Info: LuaTeX not detected.
Package pdftexcmds Info: \pdf@primitive is available.
Package pdftexcmds Info: \pdf@ifprimitive is available.
Package pdftexcmds Info: \pdfdraftmode found.
Package: pdfescape 2016/05/16 v1.14 Implements pdfTeX's escape features (HO)
Package: bigintcalc 2016/05/16 v1.4 Expandable calculations on big integers (HO
)
Package: bitset 2016/05/16 v1.2 Handle bit-vector datatype (HO)
Package: uniquecounter 2016/05/16 v1.3 Provide unlimited unique counter (HO)
)
Package hobsub Info: Skipping package `hobsub' (already loaded).
Package: letltxmacro 2016/05/16 v1.5 Let assignment for LaTeX macros (HO)
Package: hopatch 2016/05/16 v1.3 Wrapper for package hooks (HO)
Package: xcolor-patch 2016/05/16 xcolor patch
Package: atveryend 2016/05/16 v1.9 Hooks at the very end of document (HO)
Package atveryend Info: \enddocument detected (standard20110627).
Package: atbegshi 2016/06/09 v1.18 At begin shipout hook (HO)
Package: refcount 2016/05/16 v3.5 Data extraction from label references (HO)
Package: hycolor 2016/05/16 v1.8 Color options for hyperref/bookmark (HO)
)
(c:/texlive/2016/texmf-dist/tex/generic/ifxetex/ifxetex.sty
Package: ifxetex 2010/09/12 v0.6 Provides ifxetex conditional
)
(c:/texlive/2016/texmf-dist/tex/latex/oberdiek/auxhook.sty
Package: auxhook 2016/05/16 v1.4 Hooks for auxiliary files (HO)
)
(c:/texlive/2016/texmf-dist/tex/latex/oberdiek/kvoptions.sty
Package: kvoptions 2016/05/16 v3.12 Key value format for package options (HO)
)
\@linkdim=\dimen119
\Hy@linkcounter=\count108
\Hy@pagecounter=\count109

(c:/texlive/2016/texmf-dist/tex/latex/hyperref/pd1enc.def
File: pd1enc.def 2017/03/14 v6.85a Hyperref: PDFDocEncoding definition (HO)
)
\Hy@SavedSpaceFactor=\count110

(c:/texlive/2016/texmf-dist/tex/latex/latexconfig/hyperref.cfg
File: hyperref.cfg 2002/06/06 v1.2 hyperref configuration of TeXLive
)
Package hyperref Info: Option `unicode' set `true' on input line 4374.

(c:/texlive/2016/texmf-dist/tex/latex/hyperref/puenc.def
File: puenc.def 2017/03/14 v6.85a Hyperref: PDF Unicode definition (HO)
)
Package hyperref Info: Option `bookmarks' set `true' on input line 4374.
Package hyperref Info: Option `bookmarksnumbered' set `false' on input line 437
4.
Package hyperref Info: Option `bookmarksopen' set `false' on input line 4374.
Package hyperref Info: Option `breaklinks' set `false' on input line 4374.
Package hyperref Info: Option `colorlinks' set `false' on input line 4374.
Package hyperref Info: Hyper figures OFF on input line 4498.
Package hyperref Info: Link nesting OFF on input line 4503.
Package hyperref Info: Hyper index ON on input line 4506.
Package hyperref Info: Plain pages OFF on input line 4513.
Package hyperref Info: Backreferencing OFF on input line 4518.
Package hyperref Info: Implicit mode ON; LaTeX internals redefined.
Package hyperref Info: Bookmarks ON on input line 4751.
\c@Hy@tempcnt=\count111

(c:/texlive/2016/texmf-dist/tex/latex/url/url.sty
\Urlmuskip=\muskip11
Package: url 2013/09/16  ver 3.4  Verb mode for urls, etc.
)
LaTeX Info: Redefining \url on input line 5104.
\XeTeXLinkMargin=\dimen120
\Fld@menulength=\count112
\Field@Width=\dimen121
\Fld@charsize=\dimen122
Package hyperref Info: Hyper figures OFF on input line 6358.
Package hyperref Info: Link nesting OFF on input line 6363.
Package hyperref Info: Hyper index ON on input line 6366.
Package hyperref Info: backreferencing OFF on input line 6373.
Package hyperref Info: Link coloring OFF on input line 6378.
Package hyperref Info: Link coloring with OCG OFF on input line 6383.
Package hyperref Info: PDF/A mode OFF on input line 6388.
LaTeX Info: Redefining \ref on input line 6428.
LaTeX Info: Redefining \pageref on input line 6432.
\Hy@abspage=\count113
\c@Item=\count114
\c@Hfootnote=\count115
)

Package hyperref Message: Driver (autodetected): hpdftex.

(c:/texlive/2016/texmf-dist/tex/latex/hyperref/hpdftex.def
File: hpdftex.def 2017/03/14 v6.85a Hyperref driver for pdfTeX
\Fld@listcount=\count116
\c@bookmark@seq@number=\count117

(c:/texlive/2016/texmf-dist/tex/latex/oberdiek/rerunfilecheck.sty
Package: rerunfilecheck 2016/05/16 v1.8 Rerun checks for auxiliary files (HO)
Package uniquecounter Info: New unique counter `rerunfilecheck' on input line 2
82.
)
\Hy@SectionHShift=\skip50
)
(c:/texlive/2016/texmf-dist/tex/latex/breakurl/breakurl.sty
Package: breakurl 2013/04/10 v1.40 Breakable hyperref URLs

(c:/texlive/2016/texmf-dist/tex/latex/xkeyval/xkeyval.sty
Package: xkeyval 2014/12/03 v2.7a package option processing (HA)

(c:/texlive/2016/texmf-dist/tex/generic/xkeyval/xkeyval.tex
(c:/texlive/2016/texmf-dist/tex/generic/xkeyval/xkvutils.tex
\XKV@toks=\toks24
\XKV@tempa@toks=\toks25
)
\XKV@depth=\count118
File: xkeyval.tex 2014/12/03 v2.7a key=value parser (HA)
))

Package breakurl Warning: You are using breakurl while processing via pdflatex.

(breakurl)                \burl will be just a synonym of \url.
(breakurl)                 on input line 48.

)
No file SmallPaper_Elsevier.aux.
\openout1 = `SmallPaper_Elsevier.aux'.

LaTeX Font Info:    Checking defaults for OML/cmm/m/it on input line 29.
LaTeX Font Info:    ... okay on input line 29.
LaTeX Font Info:    Checking defaults for T1/cmr/m/n on input line 29.
LaTeX Font Info:    ... okay on input line 29.
LaTeX Font Info:    Checking defaults for OT1/cmr/m/n on input line 29.
LaTeX Font Info:    ... okay on input line 29.
LaTeX Font Info:    Checking defaults for OMS/cmsy/m/n on input line 29.
LaTeX Font Info:    ... okay on input line 29.
LaTeX Font Info:    Checking defaults for OMX/cmex/m/n on input line 29.
LaTeX Font Info:    ... okay on input line 29.
LaTeX Font Info:    Checking defaults for U/cmr/m/n on input line 29.
LaTeX Font Info:    ... okay on input line 29.
LaTeX Font Info:    Checking defaults for PD1/pdf/m/n on input line 29.
LaTeX Font Info:    ... okay on input line 29.
LaTeX Font Info:    Checking defaults for PU/pdf/m/n on input line 29.
LaTeX Font Info:    ... okay on input line 29.
(c:/texlive/2016/texmf-dist/tex/context/base/mkii/supp-pdf.mkii
[Loading MPS to PDF converter (version 2006.09.02).]
\scratchcounter=\count119
\scratchdimen=\dimen123
\scratchbox=\box32
\nofMPsegments=\count120
\nofMParguments=\count121
\everyMPshowfont=\toks26
\MPscratchCnt=\count122
\MPscratchDim=\dimen124
\MPnumerator=\count123
\makeMPintoPDFobject=\count124
\everyMPtoPDFconversion=\toks27
) (c:/texlive/2016/texmf-dist/tex/latex/oberdiek/epstopdf-base.sty
Package: epstopdf-base 2016/05/15 v2.6 Base part for package epstopdf

(c:/texlive/2016/texmf-dist/tex/latex/oberdiek/grfext.sty
Package: grfext 2016/05/16 v1.2 Manage graphics extensions (HO)
)
Package epstopdf-base Info: Redefining graphics rule for `.eps' on input line 4
38.
Package grfext Info: Graphics extension search list:
(grfext)             [.png,.pdf,.jpg,.mps,.jpeg,.jbig2,.jb2,.PNG,.PDF,.JPG,.JPE
G,.JBIG2,.JB2,.eps]
(grfext)             \AppendGraphicsExtensions on input line 456.

(c:/texlive/2016/texmf-dist/tex/latex/latexconfig/epstopdf-sys.cfg
File: epstopdf-sys.cfg 2010/07/13 v1.3 Configuration of (r)epstopdf for TeX Liv
e
))
\AtBeginShipoutBox=\box33
Package hyperref Info: Link coloring OFF on input line 29.

(c:/texlive/2016/texmf-dist/tex/latex/hyperref/nameref.sty
Package: nameref 2016/05/21 v2.44 Cross-referencing by name of section

(c:/texlive/2016/texmf-dist/tex/generic/oberdiek/gettitlestring.sty
Package: gettitlestring 2016/05/16 v1.5 Cleanup title references (HO)
)
\c@section@level=\count125
)
LaTeX Info: Redefining \ref on input line 29.
LaTeX Info: Redefining \pageref on input line 29.
LaTeX Info: Redefining \nameref on input line 29.
\@outlinefile=\write4
\openout4 = `SmallPaper_Elsevier.out'.



Package natbib Warning: Citation `Hines2009' on page 1 undefined on input line 
81.


Package natbib Warning: Citation `Yamashita' on page 1 undefined on input line 
85.


Package natbib Warning: Citation `Chen2005' on page 1 undefined on input line 8
7.

[1


{c:/texlive/2016/texmf-var/fonts/map/pdftex/updmap/pdftex.map}]

Package natbib Warning: Citation `Baldick' on page 2 undefined on input line 95
.


Package natbib Warning: Citation `Hines2009' on page 2 undefined on input line 
98.


Package natbib Warning: Citation `Liscouski2004' on page 2 undefined on input l
ine 101.


Package natbib Warning: Citation `NERCMisoperation' on page 2 undefined on inpu
t line 118.


Package natbib Warning: Citation `NERCMisoperation' on page 2 undefined on inpu
t line 119.


Package natbib Warning: Citation `Yamashita' on page 2 undefined on input line 
125.


Package natbib Warning: Citation `Novosel2004' on page 2 undefined on input lin
e 125.


Package natbib Warning: Citation `Liscouski2004' on page 2 undefined on input l
ine 133.


Package natbib Warning: Citation `Kosterev1999' on page 2 undefined on input li
ne 133.


Package natbib Warning: Citation `Yamashita' on page 2 undefined on input line 
135.


LaTeX Warning: Reference `sec:Typical-Distance-Protection' on page 2 undefined 
on input line 143.


LaTeX Warning: Reference `sec:Detection-and-mitigation-of-cascading-events-in-t
he-planning-stage' on page 2 undefined on input line 148.


LaTeX Warning: Reference `sec:Communication-Assisted-Schemes' on page 2 undefin
ed on input line 149.


LaTeX Warning: Reference `sec:Modifications-to-Local' on page 2 undefined on in
put line 151.

[2]

Package natbib Warning: Citation `Liscouski2004' on page 3 undefined on input l
ine 157.


Package natbib Warning: Citation `2015Turkish' on page 3 undefined on input lin
e 168.


Package natbib Warning: Citation `Liscouski2004' on page 3 undefined on input l
ine 174.


Package natbib Warning: Citation `2015Turkish' on page 3 undefined on input lin
e 174.


Package natbib Warning: Citation `Abdullah' on page 3 undefined on input line 1
76.


Package natbib Warning: Citation `Liscouski2004' on page 3 undefined on input l
ine 183.


Package natbib Warning: Citation `2015Turkish' on page 3 undefined on input lin
e 185.


LaTeX Warning: Reference `fig:System-Configuration-for-formulating-problem' on 
page 3 undefined on input line 190.


Package natbib Warning: Citation `thompson2015transmission' on page 3 undefined
 on input line 205.

[3]

LaTeX Warning: Reference `fig:System-Configuration-for-formulating-problem' on 
page 4 undefined on input line 209.


Package natbib Warning: Citation `NERC2003' on page 4 undefined on input line 2
20.


LaTeX Warning: Reference `fig:System-Configuration-for-formulating-problem' on 
page 4 undefined on input line 228.


LaTeX Warning: Reference `eq:VoltageAtRelat' on page 4 undefined on input line 
231.

Package epstopdf Info: Source file: <fig1.eps>
(epstopdf)                    date: 2017-07-27 12:17:38
(epstopdf)                    size: 390932 bytes
(epstopdf)             Output file: <fig1-eps-converted-to.pdf>
(epstopdf)             Command: <repstopdf --outfile=fig1-eps-converted-to.pdf 
fig1.eps>
(epstopdf)             \includegraphics on input line 234.
runsystem(repstopdf --outfile=fig1-eps-converted-to.pdf fig1.eps)...executed sa
fely (allowed).

Package epstopdf Info: Result file: <fig1-eps-converted-to.pdf>
(epstopdf)                    date: 2017-08-20 11:14:27
(epstopdf)                    size: 16218 bytes.
<fig1-eps-converted-to.pdf, id=31, 434.62375pt x 158.5925pt>
File: fig1-eps-converted-to.pdf Graphic file (type pdf)

<use fig1-eps-converted-to.pdf>
Package pdftex.def Info: fig1-eps-converted-to.pdf used on input line 234.
(pdftex.def)             Requested size: 260.77626pt x 95.15622pt.


LaTeX Warning: Reference `eq:ApparentImpedanceAtRelay' on page 4 undefined on i
nput line 244.


LaTeX Warning: Reference `eq:ApparentImpedanceAtRelay' on page 4 undefined on i
nput line 250.


LaTeX Warning: Reference `eq:ApparentImpedanceAtRelay' on page 4 undefined on i
nput line 252.


Package natbib Warning: Citation `NERC2003' on page 4 undefined on input line 2
53.


LaTeX Warning: Reference `fig:Distance-Relay-characteristic' on page 4 undefine
d on input line 256.

Package epstopdf Info: Source file: <fig2.eps>
(epstopdf)                    date: 2017-07-27 12:17:39
(epstopdf)                    size: 2948383 bytes
(epstopdf)             Output file: <fig2-eps-converted-to.pdf>
(epstopdf)             Command: <repstopdf --outfile=fig2-eps-converted-to.pdf 
fig2.eps>
(epstopdf)             \includegraphics on input line 258.
runsystem(repstopdf --outfile=fig2-eps-converted-to.pdf fig2.eps)...executed sa
fely (allowed).

Package epstopdf Info: Result file: <fig2-eps-converted-to.pdf>
(epstopdf)                    date: 2017-08-20 11:14:29
(epstopdf)                    size: 61449 bytes.
<fig2-eps-converted-to.pdf, id=32, 395.4775pt x 443.6575pt>
File: fig2-eps-converted-to.pdf Graphic file (type pdf)

<use fig2-eps-converted-to.pdf>
Package pdftex.def Info: fig2-eps-converted-to.pdf used on input line 258.
(pdftex.def)             Requested size: 237.28833pt x 266.19655pt.


LaTeX Warning: Reference `fig:System-Configuration-for-formulating-problem' on 
page 4 undefined on input line 259.

[4 <./fig1-eps-converted-to.pdf>]

Package natbib Warning: Citation `NERC2003' on page 5 undefined on input line 2
70.


Package natbib Warning: Citation `NERCMisoperation' on page 5 undefined on inpu
t line 271.


Package natbib Warning: Citation `NERC2003' on page 5 undefined on input line 2
71.


Package natbib Warning: Citation `NERCLoadability' on page 5 undefined on input
 line 271.


LaTeX Warning: Reference `eq:LoadImpedance' on page 5 undefined on input line 2
75.


LaTeX Warning: Reference `fig:System-Configuration-for-formulating-problem' on 
page 5 undefined on input line 276.


Underfull \vbox (badness 10000) has occurred while \output is active []

 [5 <./fig2-eps-converted-to.pdf>]

Package natbib Warning: Citation `NERCMisoperation' on page 6 undefined on inpu
t line 288.


Package natbib Warning: Citation `NERC2003' on page 6 undefined on input line 2
88.


Package natbib Warning: Citation `NERCLoadability' on page 6 undefined on input
 line 288.


LaTeX Warning: Reference `fig:Distance-Relay-characteristic' on page 6 undefine
d on input line 295.


Package natbib Warning: Citation `Horowitz2006' on page 6 undefined on input li
ne 308.


Package natbib Warning: Citation `Horowitz2006' on page 6 undefined on input li
ne 317.


LaTeX Warning: Reference `fig:Distance-Relay-characteristic' on page 6 undefine
d on input line 324.


LaTeX Warning: Reference `eq:VoltageAtRelat' on page 6 undefined on input line 
334.


LaTeX Warning: Reference `eq:ApparentImpedanceAtRelay' on page 6 undefined on i
nput line 334.


Package natbib Warning: Citation `Horowitz2006' on page 6 undefined on input li
ne 356.

[6]

Package natbib Warning: Citation `ERCOTNodal' on page 7 undefined on input line
 371.


Package natbib Warning: Citation `CaisoPlanning' on page 7 undefined on input l
ine 371.


Package natbib Warning: Citation `Liscouski2004' on page 7 undefined on input l
ine 375.


Package natbib Warning: Citation `li2007operation' on page 7 undefined on input
 line 380.


Package natbib Warning: Citation `li2008sensitivity' on page 7 undefined on inp
ut line 380.


Package natbib Warning: Citation `li2007operation' on page 7 undefined on input
 line 383.


Package natbib Warning: Citation `li2008sensitivity' on page 7 undefined on inp
ut line 383.


LaTeX Warning: Reference `fig:Impedance-margin-and' on page 7 undefined on inpu
t line 388.

Package epstopdf Info: Source file: <fig3.eps>
(epstopdf)                    date: 2017-07-27 12:17:40
(epstopdf)                    size: 4004522 bytes
(epstopdf)             Output file: <fig3-eps-converted-to.pdf>
(epstopdf)             Command: <repstopdf --outfile=fig3-eps-converted-to.pdf 
fig3.eps>
(epstopdf)             \includegraphics on input line 398.
runsystem(repstopdf --outfile=fig3-eps-converted-to.pdf fig3.eps)...executed sa
fely (allowed).

Package epstopdf Info: Result file: <fig3-eps-converted-to.pdf>
(epstopdf)                    date: 2017-08-20 11:14:32
(epstopdf)                    size: 74948 bytes.
<fig3-eps-converted-to.pdf, id=64, 553.06625pt x 431.6125pt>
File: fig3-eps-converted-to.pdf Graphic file (type pdf)

<use fig3-eps-converted-to.pdf>
Package pdftex.def Info: fig3-eps-converted-to.pdf used on input line 398.
(pdftex.def)             Requested size: 331.8423pt x 258.96948pt.


LaTeX Warning: `h' float specifier changed to `ht'.


Package natbib Warning: Citation `aghamohammadi2016new' on page 7 undefined on 
input line 403.

[7]

Package natbib Warning: Citation `Song2007' on page 8 undefined on input line 4
22.

[8 <./fig3-eps-converted-to.pdf>]

Package natbib Warning: Citation `ravikumar2008approach' on page 9 undefined on
 input line 434.


Package natbib Warning: Citation `ravikumar2009approach' on page 9 undefined on
 input line 434.


Package natbib Warning: Citation `ravikumar2008approach' on page 9 undefined on
 input line 446.


Package natbib Warning: Citation `ravikumar2009approach' on page 9 undefined on
 input line 446.


Package natbib Warning: Citation `tasdighi2016automated' on page 9 undefined on
 input line 451.


Package natbib Warning: Citation `Liscouski2004' on page 9 undefined on input l
ine 479.

[9]

Package natbib Warning: Citation `Joe-Air2000' on page 10 undefined on input li
ne 496.


Package natbib Warning: Citation `Lim2008' on page 10 undefined on input line 5
05.


Package natbib Warning: Citation `dutta2014transmission' on page 10 undefined o
n input line 522.


Package natbib Warning: Citation `dutta2014transmission' on page 10 undefined o
n input line 531.


Package natbib Warning: Citation `esmaeilian2015transmission' on page 10 undefi
ned on input line 532.


Package natbib Warning: Citation `navalkar2011secure' on page 10 undefined on i
nput line 534.


LaTeX Warning: Reference `fig:Protection-logic-ofSYNSE' on page 10 undefined on
 input line 538.

Package epstopdf Info: Source file: <fig4.eps>
(epstopdf)                    date: 2017-08-20 10:42:31
(epstopdf)                    size: 3259216 bytes
(epstopdf)             Output file: <fig4-eps-converted-to.pdf>
(epstopdf)             Command: <repstopdf --outfile=fig4-eps-converted-to.pdf 
fig4.eps>
(epstopdf)             \includegraphics on input line 544.
runsystem(repstopdf --outfile=fig4-eps-converted-to.pdf fig4.eps)...executed sa
fely (allowed).

Package epstopdf Info: Result file: <fig4-eps-converted-to.pdf>
(epstopdf)                    date: 2017-08-20 11:14:35
(epstopdf)                    size: 25616 bytes.
<fig4-eps-converted-to.pdf, id=84, 576.1525pt x 337.26pt>
File: fig4-eps-converted-to.pdf Graphic file (type pdf)

<use fig4-eps-converted-to.pdf>
Package pdftex.def Info: fig4-eps-converted-to.pdf used on input line 544.
(pdftex.def)             Requested size: 288.07553pt x 168.62958pt.


Package natbib Warning: Citation `navalkar2011secure' on page 10 undefined on i
nput line 544.

[10]

Package natbib Warning: Citation `Kundu2014' on page 11 undefined on input line
 548.


Package natbib Warning: Citation `Garlapati2013' on page 11 undefined on input 
line 567.


Package natbib Warning: Citation `haj2014intelligent' on page 11 undefined on i
nput line 576.


Package natbib Warning: Citation `Neyestanaki2015' on page 11 undefined on inpu
t line 579.

[11 <./fig4-eps-converted-to.pdf>]

Package natbib Warning: Citation `Eissa2010' on page 12 undefined on input line
 600.


Package natbib Warning: Citation `He2011' on page 12 undefined on input line 61
2.


Package natbib Warning: Citation `lin2016countermeasures' on page 12 undefined 
on input line 629.


Package natbib Warning: Citation `lin2016countermeasures' on page 12 undefined 
on input line 632.

[12]

Package natbib Warning: Citation `Nayak2015' on page 13 undefined on input line
 654.


Package natbib Warning: Citation `Horowitz2006' on page 13 undefined on input l
ine 673.


Package natbib Warning: Citation `Jonsson2003' on page 13 undefined on input li
ne 683.


Package natbib Warning: Citation `vu1999use' on page 13 undefined on input line
 688.


Package natbib Warning: Citation `Sharifzadeh2014' on page 13 undefined on inpu
t line 701.

[13]

Package natbib Warning: Citation `Sharifzadeh2014' on page 14 undefined on inpu
t line 708.


Package natbib Warning: Citation `Sharifzadeh2014' on page 14 undefined on inpu
t line 710.


Package natbib Warning: Citation `Probert' on page 14 undefined on input line 7
15.


Package natbib Warning: Citation `Perera2011' on page 14 undefined on input lin
e 717.


Package natbib Warning: Citation `abdullah2016towards' on page 14 undefined on 
input line 723.


Package natbib Warning: Citation `hedman1965propagation' on page 14 undefined o
n input line 727.


Package natbib Warning: Citation `Perera2011' on page 14 undefined on input lin
e 730.


Package natbib Warning: Citation `abdullah2016towards' on page 14 undefined on 
input line 730.


Package natbib Warning: Citation `zadeh2008artificial' on page 14 undefined on 
input line 739.


Package natbib Warning: Citation `zadeh2011adaptive' on page 14 undefined on in
put line 739.


LaTeX Warning: Reference `fig:Creation-of-adaptive' on page 14 undefined on inp
ut line 750.


Package natbib Warning: Citation `zurada1992introduction' on page 14 undefined 
on input line 760.

Package epstopdf Info: Source file: <fig5.eps>
(epstopdf)                    date: 2017-08-20 10:42:31
(epstopdf)                    size: 2182679 bytes
(epstopdf)             Output file: <fig5-eps-converted-to.pdf>
(epstopdf)             Command: <repstopdf --outfile=fig5-eps-converted-to.pdf 
fig5.eps>
(epstopdf)             \includegraphics on input line 763.
runsystem(repstopdf --outfile=fig5-eps-converted-to.pdf fig5.eps)...executed sa
fely (allowed).

Package epstopdf Info: Result file: <fig5-eps-converted-to.pdf>
(epstopdf)                    date: 2017-08-20 11:14:37
(epstopdf)                    size: 33430 bytes.
<fig5-eps-converted-to.pdf, id=107, 464.73625pt x 279.0425pt>
File: fig5-eps-converted-to.pdf Graphic file (type pdf)

<use fig5-eps-converted-to.pdf>
Package pdftex.def Info: fig5-eps-converted-to.pdf used on input line 763.
(pdftex.def)             Requested size: 325.31316pt x 195.3284pt.


Package natbib Warning: Citation `zadeh2011adaptive' on page 14 undefined on in
put line 763.

[14]

Package natbib Warning: Citation `Nikolaidis2016' on page 15 undefined on input
 line 767.


Package natbib Warning: Citation `Nikolaidis' on page 15 undefined on input lin
e 767.


LaTeX Warning: Reference `fig:TZMA-and-TZPA' on page 15 undefined on input line
 789.

Package epstopdf Info: Source file: <fig6.eps>
(epstopdf)                    date: 2017-08-20 10:42:31
(epstopdf)                    size: 4420889 bytes
(epstopdf)             Output file: <fig6-eps-converted-to.pdf>
(epstopdf)             Command: <repstopdf --outfile=fig6-eps-converted-to.pdf 
fig6.eps>
(epstopdf)             \includegraphics on input line 805.
runsystem(repstopdf --outfile=fig6-eps-converted-to.pdf fig6.eps)...executed sa
fely (allowed).

Package epstopdf Info: Result file: <fig6-eps-converted-to.pdf>
(epstopdf)                    date: 2017-08-20 11:14:40
(epstopdf)                    size: 85745 bytes.
<fig6-eps-converted-to.pdf, id=112, 533.995pt x 493.845pt>
File: fig6-eps-converted-to.pdf Graphic file (type pdf)

<use fig6-eps-converted-to.pdf>
Package pdftex.def Info: fig6-eps-converted-to.pdf used on input line 805.
(pdftex.def)             Requested size: 320.39948pt x 296.30928pt.


Package natbib Warning: Citation `Nikolaidis2016' on page 15 undefined on input
 line 805.

[15 <./fig5-eps-converted-to.pdf>]

Package natbib Warning: Citation `ma2016adaptive' on page 16 undefined on input
 line 809.


Underfull \vbox (badness 10000) has occurred while \output is active []

 [16 <./fig6-eps-converted-to.pdf>] [17]
No file SmallPaper_Elsevier.bbl.

Package natbib Warning: There were undefined citations.

Package atveryend Info: Empty hook `BeforeClearDocument' on input line 886.
[18]
Package atveryend Info: Empty hook `AfterLastShipout' on input line 886.
 (./SmallPaper_Elsevier.aux)
Package atveryend Info: Executing hook `AtVeryEndDocument' on input line 886.
Package atveryend Info: Executing hook `AtEndAfterFileList' on input line 886.


Package rerunfilecheck Warning: File `SmallPaper_Elsevier.out' has changed.
(rerunfilecheck)                Rerun to get outlines right
(rerunfilecheck)                or use package `bookmark'.

Package rerunfilecheck Info: Checksums for `SmallPaper_Elsevier.out':
(rerunfilecheck)             Before: <no file>
(rerunfilecheck)             After:  923EA4554F2241595B51AD4E0AC8B4D9;1447.

LaTeX Warning: There were undefined references.


LaTeX Warning: Label(s) may have changed. Rerun to get cross-references right.

Package atveryend Info: Empty hook `AtVeryVeryEnd' on input line 886.
 ) 
Here is how much of TeX's memory you used:
 10385 strings out of 493013
 142225 string characters out of 6136993
 226574 words of memory out of 5000000
 13774 multiletter control sequences out of 15000+600000
 15316 words of font info for 37 fonts, out of 8000000 for 9000
 1141 hyphenation exceptions out of 8191
 34i,9n,37p,289b,346s stack positions out of 5000i,500n,10000p,200000b,80000s
{c:/texlive/2016/texmf-dist/fonts/enc/dvips/cm-super/cm-super-t1.enc}<c:/texl
ive/2016/texmf-dist/fonts/type1/public/amsfonts/cm/cmex10.pfb><c:/texlive/2016/
texmf-dist/fonts/type1/public/amsfonts/cm/cmmi10.pfb><c:/texlive/2016/texmf-dis
t/fonts/type1/public/amsfonts/cm/cmmi7.pfb><c:/texlive/2016/texmf-dist/fonts/ty
pe1/public/amsfonts/cm/cmr10.pfb><c:/texlive/2016/texmf-dist/fonts/type1/public
/amsfonts/cm/cmr7.pfb><c:/texlive/2016/texmf-dist/fonts/type1/public/amsfonts/c
m/cmsy10.pfb><c:/texlive/2016/texmf-dist/fonts/type1/public/amsfonts/cm/cmsy6.p
fb><c:/texlive/2016/texmf-dist/fonts/type1/public/amsfonts/cm/cmsy7.pfb><c:/tex
live/2016/texmf-dist/fonts/type1/public/cm-super/sfbx0800.pfb><c:/texlive/2016/
texmf-dist/fonts/type1/public/cm-super/sfbx1000.pfb><c:/texlive/2016/texmf-dist
/fonts/type1/public/cm-super/sfrm0700.pfb><c:/texlive/2016/texmf-dist/fonts/typ
e1/public/cm-super/sfrm0800.pfb><c:/texlive/2016/texmf-dist/fonts/type1/public/
cm-super/sfrm1000.pfb><c:/texlive/2016/texmf-dist/fonts/type1/public/cm-super/s
frm1440.pfb><c:/texlive/2016/texmf-dist/fonts/type1/public/cm-super/sfti0600.pf
b><c:/texlive/2016/texmf-dist/fonts/type1/public/cm-super/sfti0800.pfb><c:/texl
ive/2016/texmf-dist/fonts/type1/public/cm-super/sfti1000.pfb>
Output written on SmallPaper_Elsevier.pdf (18 pages, 576805 bytes).
PDF statistics:
 206 PDF objects out of 1000 (max. 8388607)
 155 compressed objects within 2 object streams
 38 named destinations out of 1000 (max. 500000)
 31 words of extra memory for PDF output out of 10000 (max. 10000000)

